<?xml version="1.0" encoding="UTF-8"?>
<testng-results skipped="0" failed="0" ignored="0" total="1" passed="1">
  <reporter-output>
    <line>
      <![CDATA[hii]]>
    </line>
  </reporter-output>
  <suite name="Default suite" duration-ms="31" started-at="2021-03-25T20:30:00 IST" finished-at="2021-03-25T20:30:00 IST">
    <groups>
    </groups>
    <test name="Default test" duration-ms="31" started-at="2021-03-25T20:30:00 IST" finished-at="2021-03-25T20:30:00 IST">
      <class name="demo.sample">
        <test-method status="PASS" signature="test()[pri:0, instance:demo.sample@3a5ed7a6]" name="test" duration-ms="15" started-at="2021-03-25T20:30:00 IST" finished-at="2021-03-25T20:30:00 IST">
          <reporter-output>
            <line>
              <![CDATA[hii]]>
            </line>
          </reporter-output>
        </test-method> <!-- test -->
      </class> <!-- demo.sample -->
    </test> <!-- Default test -->
  </suite> <!-- Default suite -->
</testng-results>
